            --------------------------------------------------------
                             AMBER SQM VERSION 19
 
                                     By
              Ross C. Walker, Michael F. Crowley, Scott Brozell,
                         Tim Giese, Andreas W. Goetz,
                        Tai-Sung Lee and David A. Case
 
            --------------------------------------------------------
 

--------------------------------------------------------------------------------
  QM CALCULATION INFO
--------------------------------------------------------------------------------

| QMMM: Citation for AMBER QMMM Run:
| QMMM: R.C. Walker, M.F. Crowley and D.A. Case, J. COMP. CHEM. 29:1019, 2008

QMMM: SINGLET STATE CALCULATION
QMMM: RHF CALCULATION, NO. OF DOUBLY OCCUPIED LEVELS = 53

| QMMM: *** Selected Hamiltonian *** 
| QMMM: AM1         

| QMMM: *** Parameter sets in use ***
| QMMM: C : M.J.S.DEWAR et al. JACS, 107, 3902, (1985)
| QMMM: N : M.J.S.DEWAR et al. JACS, 107, 3902, (1985)
| QMMM: S : M.J.S.DEWAR et al. INORG. CHEM., 29, 3881, (1990)
| QMMM: F : M.J.S.DEWAR et al. THEOCHEM, 180, 1, (1988)
| QMMM: O : M.J.S.DEWAR et al. JACS, 107, 3902, (1985)
| QMMM: H : M.J.S.DEWAR et al. JACS, 107, 3902, (1985)

| QMMM: *** SCF convergence criteria ***
| QMMM: Energy change                :  0.1D-09 kcal/mol
| QMMM: Error matrix |FP-PF|         :  0.1D+00 au
| QMMM: Density matrix change        :  0.5D-06
| QMMM: Maximum number of SCF cycles :     1000

| QMMM: *** Diagonalization Routine Information ***
| QMMM: Pseudo diagonalizations are allowed.
| QMMM: Auto diagonalization routine selection is in use.
| QMMM:
| QMMM: Timing diagonalization routines:
| QMMM:                              norbs =       94
| QMMM:    diag iterations used for timing =       15
| QMMM:
| QMMM:              Internal diag routine = 0.025149 seconds
| QMMM:                 Dspev diag routine = 0.027032 seconds
| QMMM:                Dspevd diag routine = 0.021676 seconds
| QMMM:                Dspevx diag routine = 0.099175 seconds
| QMMM:                 Dsyev diag routine = 0.029033 seconds
| QMMM:                Dsyevd diag routine = 0.027070 seconds
| QMMM:                Dsyevr diag routine = 0.025743 seconds
| QMMM:
| QMMM:                Pseudo diag routine = 0.009288 seconds
| QMMM:
| QMMM: Using dspevd routine (diag_routine=3).

  QMMM: QM Region Cartesian Coordinates (*=link atom) 
  QMMM: QM_NO.   MM_NO.  ATOM         X         Y         Z
  QMMM:     1        1      C       64.5570   32.5020   27.0680
  QMMM:     2        2      C       63.2990   32.8280   26.5580
  QMMM:     3        3      C       63.2070   33.6090   25.4090
  QMMM:     4        4      C       64.2610   34.9760   23.6210
  QMMM:     5        5      C       64.4860   36.7690   22.3550
  QMMM:     6        6      C       65.7010   36.8360   24.4810
  QMMM:     7        7      C       67.0730   36.9160   24.2230
  QMMM:     8        8      C       67.9280   37.5050   25.1560
  QMMM:     9        9      C       67.4160   38.0080   26.3520
  QMMM:    10       10      C       66.0500   37.9280   26.6120
  QMMM:    11       11      C       64.3790   34.0650   24.7770
  QMMM:    12       12      C       65.6450   33.7490   25.3130
  QMMM:    13       13      C       65.7250   32.9650   26.4530
  QMMM:    14       14      N       63.5310   34.7800   22.5570
  QMMM:    15       15      N       63.6780   35.8990   21.7290
  QMMM:    16       16      N       64.8540   36.2270   23.5310
  QMMM:    17       17      C       65.1940   37.3420   25.6800
  QMMM:    18       18      S       64.9770   38.2910   21.7600
  QMMM:    19       19      F       67.5510   36.4190   23.0590
  QMMM:    20       20      O       61.9880   33.9160   24.8920
  QMMM:    21       21      O       64.6490   31.7490   28.1880
  QMMM:    22       22      H       62.4440   32.4930   27.0290
  QMMM:    23       23      H       68.9390   37.5680   24.9610
  QMMM:    24       24      H       68.0490   38.4390   27.0440
  QMMM:    25       25      H       65.6710   38.3030   27.4960
  QMMM:    26       26      H       66.5040   34.0990   24.8600
  QMMM:    27       27      H       66.6470   32.7230   26.8480
  QMMM:    28       28      H       63.2630   36.0250   20.8450
  QMMM:    29       29      H       64.1830   37.2820   25.8770
  QMMM:    30       30      H       61.9260   34.4420   24.1190
  QMMM:    31       31      H       65.4900   31.5270   28.5350

--------------------------------------------------------------------------------
  RESULTS
--------------------------------------------------------------------------------

      iter         sqm energy              rms gradient
      ----    -------------------    -----------------------
xmin    10       16.3916 kcal/mol        0.4393 kcal/(mol*A)
xmin    20       15.8825 kcal/mol        0.1211 kcal/(mol*A)
xmin    30       15.8612 kcal/mol        0.0185 kcal/(mol*A)
xmin    40       15.8607 kcal/mol        0.0077 kcal/(mol*A)
  ... geometry converged !
 
 Final MO eigenvalues (eV):
 -50.0915  -42.5928  -40.9797  -39.6506  -39.3286  -37.1065  -35.8434  -33.3647
 -31.7868  -31.3893  -30.8745  -30.0540  -26.1724  -25.0870  -24.0985  -24.0505
 -23.7916  -22.2150  -20.6611  -20.0959  -18.9261  -18.7180  -18.1828  -17.8474
 -17.7641  -17.4336  -16.8267  -16.4883  -16.3182  -16.1901  -16.0663  -15.8459
 -15.3110  -14.9127  -14.9058  -14.5958  -14.4136  -13.9454  -13.6683  -13.4884
 -13.3022  -12.8929  -12.7063  -12.5242  -12.3797  -12.1143  -11.6373  -10.4168
  -9.9986   -9.8649   -9.5689   -8.8687   -8.7124   -0.5213   -0.4201   -0.2439
  -0.1177    0.0114    0.2319    0.5571    1.2665    1.5807    2.0134    2.1966
   2.2639    2.5998    2.9115    3.0077    3.2371    3.2717    3.4241    3.4268
   3.5544    3.6593    3.7175    3.7249    3.9239    4.0399    4.1092    4.4715
   4.5265    4.5569    4.5731    4.6939    4.7118    4.8788    4.9319    5.0572
   5.1554    5.2675    5.6272    5.8317    5.9252    6.1053

 Heat of formation   =         15.86065700 kcal/mol  (        0.68776970 eV)

 Total SCF energy    =     -89200.97591230 kcal/mol  (    -3868.04457362 eV)
 Electronic energy   =    -563694.47706811 kcal/mol  (   -24443.62677543 eV)
 Core-core repulsion =     474493.50115581 kcal/mol  (    20575.58220180 eV)
 
    Atomic Charges for Step       1 :
  Atom    Element       Mulliken Charge
     1      C                  0.133
     2      C                 -0.200
     3      C                  0.162
     4      C                  0.034
     5      C                  0.059
     6      C                  0.018
     7      C                  0.111
     8      C                 -0.164
     9      C                 -0.087
    10      C                 -0.139
    11      C                 -0.161
    12      C                 -0.022
    13      C                 -0.252
    14      N                 -0.061
    15      N                 -0.239
    16      N                 -0.196
    17      C                 -0.076
    18      S                 -0.167
    19      F                 -0.095
    20      O                 -0.240
    21      O                 -0.242
    22      H                  0.174
    23      H                  0.156
    24      H                  0.145
    25      H                  0.147
    26      H                  0.151
    27      H                  0.143
    28      H                  0.296
    29      H                  0.153
    30      H                  0.235
    31      H                  0.225
 Total Mulliken Charge =      -0.000
 
                  X        Y        Z     TOTAL  
  QM DIPOLE     2.086   -1.328    3.353    4.166
 
 Final Structure

  QMMM: QM Region Cartesian Coordinates (*=link atom) 
  QMMM: QM_NO.   MM_NO.  ATOM         X         Y         Z
  QMMM:     1        1      C       64.6804   32.3319   26.9335
  QMMM:     2        2      C       63.4061   32.8353   26.6530
  QMMM:     3        3      C       63.2548   33.7186   25.5707
  QMMM:     4        4      C       64.2256   34.9934   23.6455
  QMMM:     5        5      C       64.5010   36.8321   22.2916
  QMMM:     6        6      C       65.6652   36.8969   24.5179
  QMMM:     7        7      C       67.0740   36.6878   24.5384
  QMMM:     8        8      C       67.8675   37.3365   25.5029
  QMMM:     9        9      C       67.2788   38.1810   26.4362
  QMMM:    10       10      C       65.9002   38.3900   26.4239
  QMMM:    11       11      C       64.3650   34.0952   24.7880
  QMMM:    12       12      C       65.6283   33.5698   25.0950
  QMMM:    13       13      C       65.7971   32.6946   26.1574
  QMMM:    14       14      N       63.5303   34.7471   22.5154
  QMMM:    15       15      N       63.6476   35.8409   21.7411
  QMMM:    16       16      N       64.8468   36.2757   23.5508
  QMMM:    17       17      C       65.0989   37.7607   25.4767
  QMMM:    18       18      S       64.8887   38.2180   21.6558
  QMMM:    19       19      F       67.6712   35.8644   23.6457
  QMMM:    20       20      O       61.9784   34.1730   25.3701
  QMMM:    21       21      O       64.7744   31.4730   28.0000
  QMMM:    22       22      H       62.5371   32.5475   27.2604
  QMMM:    23       23      H       68.9548   37.1677   25.4988
  QMMM:    24       24      H       67.9069   38.6881   27.1849
  QMMM:    25       25      H       65.4385   39.0619   27.1634
  QMMM:    26       26      H       66.4967   33.8608   24.4798
  QMMM:    27       27      H       66.7897   32.2855   26.3900
  QMMM:    28       28      H       63.3947   35.7953   20.7775
  QMMM:    29       29      H       64.0126   37.9475   25.4747
  QMMM:    30       30      H       61.9564   34.7222   24.5725
  QMMM:    31       31      H       65.6973   31.1875   28.0763

           --------- Calculation Completed ----------

