              :-) GROMACS - gmx grompp, 2021.4-Ubuntu-2021.4-2 (-:

                            GROMACS is written by:
     Andrey Alekseenko              Emile Apol              Rossen Apostolov     
         Paul Bauer           Herman J.C. Berendsen           Par Bjelkmar       
       Christian Blau           Viacheslav Bolnykh             Kevin Boyd        
     Aldert van Buuren           Rudi van Drunen             Anton Feenstra      
    Gilles Gouaillardet             Alan Gray               Gerrit Groenhof      
       Anca Hamuraru            Vincent Hindriksen          M. Eric Irrgang      
      Aleksei Iupinov           Christoph Junghans             Joe Jordan        
    Dimitrios Karkoulis            Peter Kasson                Jiri Kraus        
      Carsten Kutzner              Per Larsson              Justin A. Lemkul     
       Viveca Lindahl            Magnus Lundborg             Erik Marklund       
        Pascal Merz             Pieter Meulenhoff            Teemu Murtola       
        Szilard Pall               Sander Pronk              Roland Schulz       
       Michael Shirts            Alexey Shvetsov             Alfons Sijbers      
       Peter Tieleman              Jon Vincent              Teemu Virolainen     
     Christian Wennberg            Maarten Wolf              Artem Zhmurov       
                           and the project leaders:
        Mark Abraham, Berk Hess, Erik Lindahl, and David van der Spoel

Copyright (c) 1991-2000, University of Groningen, The Netherlands.
Copyright (c) 2001-2019, The GROMACS development team at
Uppsala University, Stockholm University and
the Royal Institute of Technology, Sweden.
check out http://www.gromacs.org for more information.

GROMACS is free software; you can redistribute it and/or modify it
under the terms of the GNU Lesser General Public License
as published by the Free Software Foundation; either version 2.1
of the License, or (at your option) any later version.

GROMACS:      gmx grompp, version 2021.4-Ubuntu-2021.4-2
Executable:   /usr/bin/gmx
Data prefix:  /usr
Working dir:  /home/lg/repos/lgcursos/Docking-MDSims-UnBosque2023/practicas/gromacs-mdsim-notebook
Command line:
  gmx grompp -f simulacion_minim.mdp -c proteina_iones.gro -p topol.top -o simulacion_minim.tpr

Ignoring obsolete mdp entry 'ns_type'

NOTE 1 [file simulacion_minim.mdp]:
  With Verlet lists the optimal nstlist is >= 10, with GPUs >= 20. Note
  that with the Verlet scheme, nstlist has no effect on the accuracy of
  your simulation.

Generating 1-4 interactions: fudge = 0.5
Number of degrees of freedom in T-Coupling group rest is 129015.00

There was 1 note

Back Off! I just backed up simulacion_minim.tpr to ./#simulacion_minim.tpr.2#

GROMACS reminds you: "... yet the [economic] profession continued to churn out purely theoretical results without even knowing what facts needed to be explained." (Thomas Piketty)

Setting the LD random seed to -822116993

Generated 2211 of the 2211 non-bonded parameter combinations

Generated 2211 of the 2211 1-4 parameter combinations

Excluding 3 bonded neighbours molecule type 'Protein_chain_A'

Excluding 2 bonded neighbours molecule type 'SOL'

Excluding 1 bonded neighbours molecule type 'NA'
Analysing residue names:
There are:   326    Protein residues
There are: 19143      Water residues
There are:    38        Ion residues
Analysing Protein...
Analysing residues not classified as Protein/DNA/RNA/Water and splitting into groups...
Calculating fourier grid dimensions for X Y Z
Using a fourier grid of 72x72x72, spacing 0.119 0.119 0.119

Estimate for the relative computational load of the PME mesh part: 0.18

This run will generate roughly 5 Mb of data
