              :-) GROMACS - gmx energy, 2021.4-Ubuntu-2021.4-2 (-:

                            GROMACS is written by:
     Andrey Alekseenko              Emile Apol              Rossen Apostolov     
         Paul Bauer           Herman J.C. Berendsen           Par Bjelkmar       
       Christian Blau           Viacheslav Bolnykh             Kevin Boyd        
     Aldert van Buuren           Rudi van Drunen             Anton Feenstra      
    Gilles Gouaillardet             Alan Gray               Gerrit Groenhof      
       Anca Hamuraru            Vincent Hindriksen          M. Eric Irrgang      
      Aleksei Iupinov           Christoph Junghans             Joe Jordan        
    Dimitrios Karkoulis            Peter Kasson                Jiri Kraus        
      Carsten Kutzner              Per Larsson              Justin A. Lemkul     
       Viveca Lindahl            Magnus Lundborg             Erik Marklund       
        Pascal Merz             Pieter Meulenhoff            Teemu Murtola       
        Szilard Pall               Sander Pronk              Roland Schulz       
       Michael Shirts            Alexey Shvetsov             Alfons Sijbers      
       Peter Tieleman              Jon Vincent              Teemu Virolainen     
     Christian Wennberg            Maarten Wolf              Artem Zhmurov       
                           and the project leaders:
        Mark Abraham, Berk Hess, Erik Lindahl, and David van der Spoel

Copyright (c) 1991-2000, University of Groningen, The Netherlands.
Copyright (c) 2001-2019, The GROMACS development team at
Uppsala University, Stockholm University and
the Royal Institute of Technology, Sweden.
check out http://www.gromacs.org for more information.

GROMACS is free software; you can redistribute it and/or modify it
under the terms of the GNU Lesser General Public License
as published by the Free Software Foundation; either version 2.1
of the License, or (at your option) any later version.

GROMACS:      gmx energy, version 2021.4-Ubuntu-2021.4-2
Executable:   /usr/bin/gmx
Data prefix:  /usr
Working dir:  /home/lg/repos/lgcursos/Docking-MDSims-UnBosque2023/practicas/gromacs-mdsim-notebook
Command line:
  gmx energy -f simulacion_npt.edr -o presion.xvg

Opened simulacion_npt.edr as single precision energy file

Select the terms you want from the following list by
selecting either (part of) the name or the number or a combination.
End your selection with an empty line or a zero.
-------------------------------------------------------------------
  1  Bond             2  Angle            3  Proper-Dih.      4  Improper-Dih. 
  5  LJ-14            6  Coulomb-14       7  LJ-(SR)          8  Disper.-corr. 
  9  Coulomb-(SR)    10  Coul.-recip.    11  Position-Rest.  12  Potential     
 13  Kinetic-En.     14  Total-Energy    15  Conserved-En.   16  Temperature   
 17  Pres.-DC        18  Pressure        19  Constr.-rmsd    20  Box-X         
 21  Box-Y           22  Box-Z           23  Volume          24  Density       
 25  pV              26  Enthalpy        27  Vir-XX          28  Vir-XY        
 29  Vir-XZ          30  Vir-YX          31  Vir-YY          32  Vir-YZ        
 33  Vir-ZX          34  Vir-ZY          35  Vir-ZZ          36  Pres-XX       
 37  Pres-XY         38  Pres-XZ         39  Pres-YX         40  Pres-YY       
 41  Pres-YZ         42  Pres-ZX         43  Pres-ZY         44  Pres-ZZ       
 45  #Surf*SurfTen   46  Box-Vel-XX      47  Box-Vel-YY      48  Box-Vel-ZZ    
 49  T-Protein                           50  T-non-Protein                     
 51  Lamb-Protein                        52  Lamb-non-Protein                  


Back Off! I just backed up presion.xvg to ./#presion.xvg.1#
Reading energy frame      0 time    0.000         Reading energy frame      1 time    0.200         Reading energy frame      2 time    0.400         Reading energy frame      3 time    0.600         Reading energy frame      4 time    0.800         Reading energy frame      5 time    1.000         Reading energy frame      6 time    1.200         Reading energy frame      7 time    1.400         Reading energy frame      8 time    1.600         Reading energy frame      9 time    1.800         Reading energy frame     10 time    2.000         Last energy frame read 10 time    2.000         

GROMACS reminds you: "It Was My Pleasure" (Pulp Fiction)


Statistics over 1001 steps [ 0.0000 through 2.0000 ps ], 1 data sets
All statistics are over 11 points (frames)

Energy                      Average   Err.Est.       RMSD  Tot-Drift
-------------------------------------------------------------------------------
Pressure                    25.8317         26    92.9318    169.927  (bar)
