              :-) GROMACS - gmx grompp, 2021.4-Ubuntu-2021.4-2 (-:

                            GROMACS is written by:
     Andrey Alekseenko              Emile Apol              Rossen Apostolov     
         Paul Bauer           Herman J.C. Berendsen           Par Bjelkmar       
       Christian Blau           Viacheslav Bolnykh             Kevin Boyd        
     Aldert van Buuren           Rudi van Drunen             Anton Feenstra      
    Gilles Gouaillardet             Alan Gray               Gerrit Groenhof      
       Anca Hamuraru            Vincent Hindriksen          M. Eric Irrgang      
      Aleksei Iupinov           Christoph Junghans             Joe Jordan        
    Dimitrios Karkoulis            Peter Kasson                Jiri Kraus        
      Carsten Kutzner              Per Larsson              Justin A. Lemkul     
       Viveca Lindahl            Magnus Lundborg             Erik Marklund       
        Pascal Merz             Pieter Meulenhoff            Teemu Murtola       
        Szilard Pall               Sander Pronk              Roland Schulz       
       Michael Shirts            Alexey Shvetsov             Alfons Sijbers      
       Peter Tieleman              Jon Vincent              Teemu Virolainen     
     Christian Wennberg            Maarten Wolf              Artem Zhmurov       
                           and the project leaders:
        Mark Abraham, Berk Hess, Erik Lindahl, and David van der Spoel

Copyright (c) 1991-2000, University of Groningen, The Netherlands.
Copyright (c) 2001-2019, The GROMACS development team at
Uppsala University, Stockholm University and
the Royal Institute of Technology, Sweden.
check out http://www.gromacs.org for more information.

GROMACS is free software; you can redistribute it and/or modify it
under the terms of the GNU Lesser General Public License
as published by the Free Software Foundation; either version 2.1
of the License, or (at your option) any later version.

GROMACS:      gmx grompp, version 2021.4-Ubuntu-2021.4-2
Executable:   /usr/bin/gmx
Data prefix:  /usr
Working dir:  /home/lg/repos/lgcursos/Docking-MDSims-UnBosque2023/practicas/gromacs-mdsim-notebook
Command line:
  gmx grompp -f simulacion_npt.mdp -c simulacion_nvt.gro -r simulacion_nvt.gro -t simulacion_nvt.cpt -p topol.top -o simulacion_npt.tpr

Ignoring obsolete mdp entry 'ns_type'
Generating 1-4 interactions: fudge = 0.5

NOTE 1 [file topol.top, line 44146]:
  You are combining position restraints with Parrinello-Rahman pressure
  coupling, which can lead to instabilities. If you really want to combine
  position restraints with pressure coupling, we suggest to use Berendsen
  pressure coupling instead.

Number of degrees of freedom in T-Coupling group Protein is 11789.72
Number of degrees of freedom in T-Coupling group non-Protein is 114969.28

NOTE 2 [file simulacion_npt.mdp]:
  Removing center of mass motion in the presence of position restraints
  might cause artifacts. When you are using position restraints to
  equilibrate a macro-molecule, the artifacts are usually negligible.

Last frame         -1 time    2.000   

There were 2 notes

Back Off! I just backed up simulacion_npt.tpr to ./#simulacion_npt.tpr.1#

GROMACS reminds you: "I believe the big bang of self-driving cars is about to come." (Jen-Hsun Huang, CEO NVIDIA)

Setting the LD random seed to -532357

Generated 2211 of the 2211 non-bonded parameter combinations

Generated 2211 of the 2211 1-4 parameter combinations

Excluding 3 bonded neighbours molecule type 'Protein_chain_A'

turning H bonds into constraints...

Excluding 2 bonded neighbours molecule type 'SOL'

turning H bonds into constraints...

Excluding 1 bonded neighbours molecule type 'NA'

turning H bonds into constraints...

The center of mass of the position restraint coord's is  4.272  4.257  4.288

The center of mass of the position restraint coord's is  4.272  4.257  4.288
Analysing residue names:
There are:   326    Protein residues
There are: 19143      Water residues
There are:    38        Ion residues
Analysing Protein...
Analysing residues not classified as Protein/DNA/RNA/Water and splitting into groups...

Determining Verlet buffer for a tolerance of 0.005 kJ/mol/ps at 300 K

Calculated rlist for 1x1 atom pair-list as 1.034 nm, buffer size 0.034 nm

Set rlist, assuming 4x4 atom pair-list, to 1.000 nm, buffer size 0.000 nm

Note that mdrun will redetermine rlist based on the actual pair-list setup

Reading Coordinates, Velocities and Box size from old trajectory

Will read whole trajectory

Using frame at t = 2 ps

Starting time for run is 0 ps
Calculating fourier grid dimensions for X Y Z
Using a fourier grid of 56x56x56, spacing 0.153 0.153 0.153

Estimate for the relative computational load of the PME mesh part: 0.15

This run will generate roughly 20 Mb of data
