              :-) GROMACS - gmx mdrun, 2021.4-Ubuntu-2021.4-2 (-:

                            GROMACS is written by:
     Andrey Alekseenko              Emile Apol              Rossen Apostolov     
         Paul Bauer           Herman J.C. Berendsen           Par Bjelkmar       
       Christian Blau           Viacheslav Bolnykh             Kevin Boyd        
     Aldert van Buuren           Rudi van Drunen             Anton Feenstra      
    Gilles Gouaillardet             Alan Gray               Gerrit Groenhof      
       Anca Hamuraru            Vincent Hindriksen          M. Eric Irrgang      
      Aleksei Iupinov           Christoph Junghans             Joe Jordan        
    Dimitrios Karkoulis            Peter Kasson                Jiri Kraus        
      Carsten Kutzner              Per Larsson              Justin A. Lemkul     
       Viveca Lindahl            Magnus Lundborg             Erik Marklund       
        Pascal Merz             Pieter Meulenhoff            Teemu Murtola       
        Szilard Pall               Sander Pronk              Roland Schulz       
       Michael Shirts            Alexey Shvetsov             Alfons Sijbers      
       Peter Tieleman              Jon Vincent              Teemu Virolainen     
     Christian Wennberg            Maarten Wolf              Artem Zhmurov       
                           and the project leaders:
        Mark Abraham, Berk Hess, Erik Lindahl, and David van der Spoel

Copyright (c) 1991-2000, University of Groningen, The Netherlands.
Copyright (c) 2001-2019, The GROMACS development team at
Uppsala University, Stockholm University and
the Royal Institute of Technology, Sweden.
check out http://www.gromacs.org for more information.

GROMACS is free software; you can redistribute it and/or modify it
under the terms of the GNU Lesser General Public License
as published by the Free Software Foundation; either version 2.1
of the License, or (at your option) any later version.

GROMACS:      gmx mdrun, version 2021.4-Ubuntu-2021.4-2
Executable:   /usr/bin/gmx
Data prefix:  /usr
Working dir:  /home/lg/repos/lgcursos/Docking-MDSims-UnBosque2023/practicas/gromacs-mdsim-notebook
Process ID:   83713
Command line:
  gmx mdrun -v -deffnm simulacion_npt

GROMACS version:    2021.4-Ubuntu-2021.4-2
Precision:          mixed
Memory model:       64 bit
MPI library:        thread_mpi
OpenMP support:     enabled (GMX_OPENMP_MAX_THREADS = 64)
GPU support:        disabled
SIMD instructions:  SSE4.1
FFT library:        fftw-3.3.8-sse2-avx
RDTSCP usage:       enabled
TNG support:        enabled
Hwloc support:      hwloc-2.5.0
Tracing support:    disabled
C compiler:         /usr/bin/cc GNU 11.2.0
C compiler flags:   -msse4.1 -Wno-missing-field-initializers -fexcess-precision=fast -funroll-all-loops -O3 -DNDEBUG
C++ compiler:       /usr/bin/c++ GNU 11.2.0
C++ compiler flags: -msse4.1 -Wno-missing-field-initializers -fexcess-precision=fast -funroll-all-loops -fopenmp -O3 -DNDEBUG


Running on 1 node with total 2 cores, 4 logical cores
Hardware detected:
  CPU info:
    Vendor: Intel
    Brand:  Intel(R) Core(TM) i7-6600U CPU @ 2.60GHz
    Family: 6   Model: 78   Stepping: 3
    Features: aes apic avx avx2 clfsh cmov cx8 cx16 f16c fma htt intel lahf mmx msr nonstop_tsc pcid pclmuldq pdcm pdpe1gb popcnt pse rdrnd rdtscp sse2 sse3 sse4.1 sse4.2 ssse3 tdt x2apic
  Hardware topology: Full, with devices
    Sockets, cores, and logical processors:
      Socket  0: [   0   2] [   1   3]
    Numa nodes:
      Node  0 (16519835648 bytes mem):   0   2   1   3
      Latency:
               0
         0  1.00
    Caches:
      L1: 32768 bytes, linesize 64 bytes, assoc. 8, shared 2 ways
      L2: 262144 bytes, linesize 64 bytes, assoc. 4, shared 2 ways
      L3: 4194304 bytes, linesize 64 bytes, assoc. 16, shared 4 ways
    PCI devices:
      0000:00:02.0  Id: 8086:1916  Class: 0x0300  Numa: 0
      0000:00:17.0  Id: 8086:282a  Class: 0x0104  Numa: 0
      0000:01:00.0  Id: 8086:24fd  Class: 0x0280  Numa: 0
      0000:00:1f.6  Id: 8086:15d7  Class: 0x0200  Numa: 0

Highest SIMD level supported by all nodes in run: AVX2_256
SIMD instructions selected at compile time:       SSE4.1
This program was compiled for different hardware than you are running on,
which could influence performance.

++++ PLEASE READ AND CITE THE FOLLOWING REFERENCE ++++
M. J. Abraham, T. Murtola, R. Schulz, S. Páll, J. C. Smith, B. Hess, E.
Lindahl
GROMACS: High performance molecular simulations through multi-level
parallelism from laptops to supercomputers
SoftwareX 1 (2015) pp. 19-25
-------- -------- --- Thank You --- -------- --------


++++ PLEASE READ AND CITE THE FOLLOWING REFERENCE ++++
S. Páll, M. J. Abraham, C. Kutzner, B. Hess, E. Lindahl
Tackling Exascale Software Challenges in Molecular Dynamics Simulations with
GROMACS
In S. Markidis & E. Laure (Eds.), Solving Software Challenges for Exascale 8759 (2015) pp. 3-27
-------- -------- --- Thank You --- -------- --------


++++ PLEASE READ AND CITE THE FOLLOWING REFERENCE ++++
S. Pronk, S. Páll, R. Schulz, P. Larsson, P. Bjelkmar, R. Apostolov, M. R.
Shirts, J. C. Smith, P. M. Kasson, D. van der Spoel, B. Hess, and E. Lindahl
GROMACS 4.5: a high-throughput and highly parallel open source molecular
simulation toolkit
Bioinformatics 29 (2013) pp. 845-54
-------- -------- --- Thank You --- -------- --------


++++ PLEASE READ AND CITE THE FOLLOWING REFERENCE ++++
B. Hess and C. Kutzner and D. van der Spoel and E. Lindahl
GROMACS 4: Algorithms for highly efficient, load-balanced, and scalable
molecular simulation
J. Chem. Theory Comput. 4 (2008) pp. 435-447
-------- -------- --- Thank You --- -------- --------


++++ PLEASE READ AND CITE THE FOLLOWING REFERENCE ++++
D. van der Spoel, E. Lindahl, B. Hess, G. Groenhof, A. E. Mark and H. J. C.
Berendsen
GROMACS: Fast, Flexible and Free
J. Comp. Chem. 26 (2005) pp. 1701-1719
-------- -------- --- Thank You --- -------- --------


++++ PLEASE READ AND CITE THE FOLLOWING REFERENCE ++++
E. Lindahl and B. Hess and D. van der Spoel
GROMACS 3.0: A package for molecular simulation and trajectory analysis
J. Mol. Mod. 7 (2001) pp. 306-317
-------- -------- --- Thank You --- -------- --------


++++ PLEASE READ AND CITE THE FOLLOWING REFERENCE ++++
H. J. C. Berendsen, D. van der Spoel and R. van Drunen
GROMACS: A message-passing parallel molecular dynamics implementation
Comp. Phys. Comm. 91 (1995) pp. 43-56
-------- -------- --- Thank You --- -------- --------

Input Parameters:
   integrator                     = md
   tinit                          = 0
   dt                             = 0.002
   nsteps                         = 1000
   init-step                      = 0
   simulation-part                = 1
   mts                            = false
   comm-mode                      = Linear
   nstcomm                        = 100
   bd-fric                        = 0
   ld-seed                        = -532357
   emtol                          = 10
   emstep                         = 0.01
   niter                          = 20
   fcstep                         = 0
   nstcgsteep                     = 1000
   nbfgscorr                      = 10
   rtpi                           = 0.05
   nstxout                        = 100
   nstvout                        = 100
   nstfout                        = 0
   nstlog                         = 100
   nstcalcenergy                  = 100
   nstenergy                      = 100
   nstxout-compressed             = 0
   compressed-x-precision         = 1000
   cutoff-scheme                  = Verlet
   nstlist                        = 10
   pbc                            = xyz
   periodic-molecules             = false
   verlet-buffer-tolerance        = 0.005
   rlist                          = 1
   coulombtype                    = PME
   coulomb-modifier               = Potential-shift
   rcoulomb-switch                = 0
   rcoulomb                       = 1
   epsilon-r                      = 1
   epsilon-rf                     = inf
   vdw-type                       = Cut-off
   vdw-modifier                   = Potential-shift
   rvdw-switch                    = 0
   rvdw                           = 1
   DispCorr                       = EnerPres
   table-extension                = 1
   fourierspacing                 = 0.16
   fourier-nx                     = 56
   fourier-ny                     = 56
   fourier-nz                     = 56
   pme-order                      = 4
   ewald-rtol                     = 1e-05
   ewald-rtol-lj                  = 0.001
   lj-pme-comb-rule               = Geometric
   ewald-geometry                 = 0
   epsilon-surface                = 0
   tcoupl                         = V-rescale
   nsttcouple                     = 10
   nh-chain-length                = 0
   print-nose-hoover-chain-variables = false
   pcoupl                         = Parrinello-Rahman
   pcoupltype                     = Isotropic
   nstpcouple                     = 10
   tau-p                          = 2
   compressibility (3x3):
      compressibility[    0]={ 4.50000e-05,  0.00000e+00,  0.00000e+00}
      compressibility[    1]={ 0.00000e+00,  4.50000e-05,  0.00000e+00}
      compressibility[    2]={ 0.00000e+00,  0.00000e+00,  4.50000e-05}
   ref-p (3x3):
      ref-p[    0]={ 1.00000e+00,  0.00000e+00,  0.00000e+00}
      ref-p[    1]={ 0.00000e+00,  1.00000e+00,  0.00000e+00}
      ref-p[    2]={ 0.00000e+00,  0.00000e+00,  1.00000e+00}
   refcoord-scaling               = COM
   posres-com (3):
      posres-com[0]= 4.99110e-01
      posres-com[1]= 4.97375e-01
      posres-com[2]= 5.00933e-01
   posres-comB (3):
      posres-comB[0]= 4.99110e-01
      posres-comB[1]= 4.97375e-01
      posres-comB[2]= 5.00933e-01
   QMMM                           = false
qm-opts:
   ngQM                           = 0
   constraint-algorithm           = Lincs
   continuation                   = true
   Shake-SOR                      = false
   shake-tol                      = 0.0001
   lincs-order                    = 4
   lincs-iter                     = 1
   lincs-warnangle                = 30
   nwall                          = 0
   wall-type                      = 9-3
   wall-r-linpot                  = -1
   wall-atomtype[0]               = -1
   wall-atomtype[1]               = -1
   wall-density[0]                = 0
   wall-density[1]                = 0
   wall-ewald-zfac                = 3
   pull                           = false
   awh                            = false
   rotation                       = false
   interactiveMD                  = false
   disre                          = No
   disre-weighting                = Conservative
   disre-mixed                    = false
   dr-fc                          = 1000
   dr-tau                         = 0
   nstdisreout                    = 100
   orire-fc                       = 0
   orire-tau                      = 0
   nstorireout                    = 100
   free-energy                    = no
   cos-acceleration               = 0
   deform (3x3):
      deform[    0]={ 0.00000e+00,  0.00000e+00,  0.00000e+00}
      deform[    1]={ 0.00000e+00,  0.00000e+00,  0.00000e+00}
      deform[    2]={ 0.00000e+00,  0.00000e+00,  0.00000e+00}
   simulated-tempering            = false
   swapcoords                     = no
   userint1                       = 0
   userint2                       = 0
   userint3                       = 0
   userint4                       = 0
   userreal1                      = 0
   userreal2                      = 0
   userreal3                      = 0
   userreal4                      = 0
   applied-forces:
     electric-field:
       x:
         E0                       = 0
         omega                    = 0
         t0                       = 0
         sigma                    = 0
       y:
         E0                       = 0
         omega                    = 0
         t0                       = 0
         sigma                    = 0
       z:
         E0                       = 0
         omega                    = 0
         t0                       = 0
         sigma                    = 0
     density-guided-simulation:
       active                     = false
       group                      = protein
       similarity-measure         = inner-product
       atom-spreading-weight      = unity
       force-constant             = 1e+09
       gaussian-transform-spreading-width = 0.2
       gaussian-transform-spreading-range-in-multiples-of-width = 4
       reference-density-filename = reference.mrc
       nst                        = 1
       normalize-densities        = true
       adaptive-force-scaling     = false
       adaptive-force-scaling-time-constant = 4
       shift-vector               = 
       transformation-matrix      = 
grpopts:
   nrdf:     11789.7      114969
   ref-t:         300         300
   tau-t:         0.1         0.1
annealing:          No          No
annealing-npoints:           0           0
   acc:	           0           0           0
   nfreeze:           N           N           N
   energygrp-flags[  0]: 0

Changing nstlist from 10 to 50, rlist from 1 to 1.105

Using 1 MPI thread
Using 4 OpenMP threads 

Pinning threads with an auto-selected logical core stride of 1
System total charge: -0.000
Will do PME sum in reciprocal space for electrostatic interactions.

++++ PLEASE READ AND CITE THE FOLLOWING REFERENCE ++++
U. Essmann, L. Perera, M. L. Berkowitz, T. Darden, H. Lee and L. G. Pedersen 
A smooth particle mesh Ewald method
J. Chem. Phys. 103 (1995) pp. 8577-8592
-------- -------- --- Thank You --- -------- --------

Using a Gaussian width (1/beta) of 0.320163 nm for Ewald
Potential shift: LJ r^-12: -1.000e+00 r^-6: -1.000e+00, Ewald -1.000e-05
Initialized non-bonded Ewald tables, spacing: 9.33e-04 size: 1073

Generated table with 1052 data points for 1-4 COUL.
Tabscale = 500 points/nm
Generated table with 1052 data points for 1-4 LJ6.
Tabscale = 500 points/nm
Generated table with 1052 data points for 1-4 LJ12.
Tabscale = 500 points/nm
Long Range LJ corr.: <C6> 3.1231e-04


Using SIMD 4x4 nonbonded short-range kernels

Using a dual 4x4 pair-list setup updated with dynamic pruning:
  outer list: updated every 50 steps, buffer 0.105 nm, rlist 1.105 nm
  inner list: updated every 12 steps, buffer 0.001 nm, rlist 1.001 nm
At tolerance 0.005 kJ/mol/ps per atom, equivalent classical 1x1 list would be:
  outer list: updated every 50 steps, buffer 0.231 nm, rlist 1.231 nm
  inner list: updated every 12 steps, buffer 0.046 nm, rlist 1.046 nm

Using Lorentz-Berthelot Lennard-Jones combination rule

Initializing LINear Constraint Solver

++++ PLEASE READ AND CITE THE FOLLOWING REFERENCE ++++
B. Hess and H. Bekker and H. J. C. Berendsen and J. G. E. M. Fraaije
LINCS: A Linear Constraint Solver for molecular simulations
J. Comp. Chem. 18 (1997) pp. 1463-1472
-------- -------- --- Thank You --- -------- --------

The number of constraints is 2256

++++ PLEASE READ AND CITE THE FOLLOWING REFERENCE ++++
S. Miyamoto and P. A. Kollman
SETTLE: An Analytical Version of the SHAKE and RATTLE Algorithms for Rigid
Water Models
J. Comp. Chem. 13 (1992) pp. 952-962
-------- -------- --- Thank You --- -------- --------


++++ PLEASE READ AND CITE THE FOLLOWING REFERENCE ++++
G. Bussi, D. Donadio and M. Parrinello
Canonical sampling through velocity rescaling
J. Chem. Phys. 126 (2007) pp. 014101
-------- -------- --- Thank You --- -------- --------

There are: 62149 Atoms
Center of mass motion removal mode is Linear
We have the following groups for center of mass motion removal:
  0:  rest

Started mdrun on rank 0 Wed Mar 22 11:39:03 2023

           Step           Time
              0        0.00000

   Energies (kJ/mol)
           Bond          Angle    Proper Dih.  Improper Dih.          LJ-14
    3.49006e+03    8.57158e+03    1.37820e+04    5.83380e+02    4.93268e+03
     Coulomb-14        LJ (SR)  Disper. corr.   Coulomb (SR)   Coul. recip.
    6.88438e+04    1.10759e+05   -8.04758e+03   -1.01291e+06    5.74474e+03
 Position Rest.      Potential    Kinetic En.   Total Energy  Conserved En.
    3.04320e-01   -8.04246e+05    1.59175e+05   -6.45071e+05   -6.45033e+05
    Temperature Pres. DC (bar) Pressure (bar)   Constr. rmsd
    3.02059e+02   -2.13348e+02   -8.57205e+01    2.76773e-06

           Step           Time
            100        0.20000

   Energies (kJ/mol)
           Bond          Angle    Proper Dih.  Improper Dih.          LJ-14
    3.61236e+03    8.85879e+03    1.38540e+04    6.30886e+02    4.83900e+03
     Coulomb-14        LJ (SR)  Disper. corr.   Coulomb (SR)   Coul. recip.
    6.86542e+04    1.11286e+05   -8.04753e+03   -1.01275e+06    5.85071e+03
 Position Rest.      Potential    Kinetic En.   Total Energy  Conserved En.
    1.49675e+03   -8.01719e+05    1.58402e+05   -6.43317e+05   -6.45014e+05
    Temperature Pres. DC (bar) Pressure (bar)   Constr. rmsd
    3.00593e+02   -2.13345e+02   -8.88316e+01    2.95476e-06

           Step           Time
            200        0.40000

   Energies (kJ/mol)
           Bond          Angle    Proper Dih.  Improper Dih.          LJ-14
    3.40317e+03    8.95208e+03    1.38221e+04    6.27905e+02    4.81831e+03
     Coulomb-14        LJ (SR)  Disper. corr.   Coulomb (SR)   Coul. recip.
    6.87465e+04    1.12036e+05   -8.05540e+03   -1.01171e+06    5.95473e+03
 Position Rest.      Potential    Kinetic En.   Total Energy  Conserved En.
    1.29351e+03   -8.00113e+05    1.59271e+05   -6.40842e+05   -6.45049e+05
    Temperature Pres. DC (bar) Pressure (bar)   Constr. rmsd
    3.02241e+02   -2.13762e+02    6.52590e+01    3.17844e-06

           Step           Time
            300        0.60000

   Energies (kJ/mol)
           Bond          Angle    Proper Dih.  Improper Dih.          LJ-14
    3.44964e+03    8.81944e+03    1.38685e+04    6.73194e+02    4.80520e+03
     Coulomb-14        LJ (SR)  Disper. corr.   Coulomb (SR)   Coul. recip.
    6.86851e+04    1.11557e+05   -8.06288e+03   -1.01164e+06    5.78271e+03
 Position Rest.      Potential    Kinetic En.   Total Energy  Conserved En.
    1.19675e+03   -8.00865e+05    1.57799e+05   -6.43066e+05   -6.45031e+05
    Temperature Pres. DC (bar) Pressure (bar)   Constr. rmsd
    2.99448e+02   -2.14159e+02   -1.04902e+02    2.95930e-06

           Step           Time
            400        0.80000

   Energies (kJ/mol)
           Bond          Angle    Proper Dih.  Improper Dih.          LJ-14
    3.20539e+03    8.60714e+03    1.37271e+04    6.45210e+02    4.86167e+03
     Coulomb-14        LJ (SR)  Disper. corr.   Coulomb (SR)   Coul. recip.
    6.87670e+04    1.12430e+05   -8.08558e+03   -1.01460e+06    5.82523e+03
 Position Rest.      Potential    Kinetic En.   Total Energy  Conserved En.
    1.29809e+03   -8.03315e+05    1.58109e+05   -6.45206e+05   -6.45050e+05
    Temperature Pres. DC (bar) Pressure (bar)   Constr. rmsd
    3.00036e+02   -2.15365e+02    5.88377e+01    2.95427e-06

           Step           Time
            500        1.00000

   Energies (kJ/mol)
           Bond          Angle    Proper Dih.  Improper Dih.          LJ-14
    3.50253e+03    8.93709e+03    1.38851e+04    6.76265e+02    4.89345e+03
     Coulomb-14        LJ (SR)  Disper. corr.   Coulomb (SR)   Coul. recip.
    6.87345e+04    1.11833e+05   -8.11365e+03   -1.01275e+06    5.66261e+03
 Position Rest.      Potential    Kinetic En.   Total Energy  Conserved En.
    1.25972e+03   -8.01478e+05    1.57308e+05   -6.44169e+05   -6.44968e+05
    Temperature Pres. DC (bar) Pressure (bar)   Constr. rmsd
    2.98517e+02   -2.16861e+02    1.83513e+02    2.85245e-06

           Step           Time
            600        1.20000

   Energies (kJ/mol)
           Bond          Angle    Proper Dih.  Improper Dih.          LJ-14
    3.51470e+03    8.84826e+03    1.38270e+04    6.24341e+02    4.77362e+03
     Coulomb-14        LJ (SR)  Disper. corr.   Coulomb (SR)   Coul. recip.
    6.87986e+04    1.10686e+05   -8.13147e+03   -1.01333e+06    5.80848e+03
 Position Rest.      Potential    Kinetic En.   Total Energy  Conserved En.
    1.36973e+03   -8.03207e+05    1.58111e+05   -6.45096e+05   -6.45011e+05
    Temperature Pres. DC (bar) Pressure (bar)   Constr. rmsd
    3.00040e+02   -2.17813e+02   -5.99400e+01    2.77909e-06

           Step           Time
            700        1.40000

   Energies (kJ/mol)
           Bond          Angle    Proper Dih.  Improper Dih.          LJ-14
    3.51199e+03    8.67603e+03    1.38602e+04    6.23628e+02    4.74349e+03
     Coulomb-14        LJ (SR)  Disper. corr.   Coulomb (SR)   Coul. recip.
    6.85382e+04    1.12759e+05   -8.14420e+03   -1.01601e+06    5.77000e+03
 Position Rest.      Potential    Kinetic En.   Total Energy  Conserved En.
    1.36185e+03   -8.04313e+05    1.58110e+05   -6.46202e+05   -6.45021e+05
    Temperature Pres. DC (bar) Pressure (bar)   Constr. rmsd
    3.00038e+02   -2.18495e+02    2.09446e+01    2.84473e-06

           Step           Time
            800        1.60000

   Energies (kJ/mol)
           Bond          Angle    Proper Dih.  Improper Dih.          LJ-14
    3.45683e+03    8.80485e+03    1.38401e+04    5.88090e+02    4.83992e+03
     Coulomb-14        LJ (SR)  Disper. corr.   Coulomb (SR)   Coul. recip.
    6.89465e+04    1.13638e+05   -8.14739e+03   -1.01691e+06    5.70763e+03
 Position Rest.      Potential    Kinetic En.   Total Energy  Conserved En.
    1.37652e+03   -8.03856e+05    1.58096e+05   -6.45760e+05   -6.44991e+05
    Temperature Pres. DC (bar) Pressure (bar)   Constr. rmsd
    3.00011e+02   -2.18666e+02    1.24210e+02    2.83877e-06

           Step           Time
            900        1.80000

   Energies (kJ/mol)
           Bond          Angle    Proper Dih.  Improper Dih.          LJ-14
    3.55515e+03    8.87347e+03    1.37700e+04    6.27556e+02    4.74856e+03
     Coulomb-14        LJ (SR)  Disper. corr.   Coulomb (SR)   Coul. recip.
    6.86469e+04    1.12848e+05   -8.13357e+03   -1.01580e+06    5.67819e+03
 Position Rest.      Potential    Kinetic En.   Total Energy  Conserved En.
    1.38426e+03   -8.03804e+05    1.58501e+05   -6.45303e+05   -6.45005e+05
    Temperature Pres. DC (bar) Pressure (bar)   Constr. rmsd
    3.00780e+02   -2.17926e+02    1.03503e+02    2.96922e-06

           Step           Time
           1000        2.00000

Writing checkpoint, step 1000 at Wed Mar 22 11:39:49 2023


   Energies (kJ/mol)
           Bond          Angle    Proper Dih.  Improper Dih.          LJ-14
    3.47351e+03    8.99087e+03    1.37080e+04    5.78570e+02    4.82680e+03
     Coulomb-14        LJ (SR)  Disper. corr.   Coulomb (SR)   Coul. recip.
    6.85920e+04    1.11532e+05   -8.10565e+03   -1.01209e+06    5.82253e+03
 Position Rest.      Potential    Kinetic En.   Total Energy  Conserved En.
    1.32765e+03   -8.01342e+05    1.56971e+05   -6.44371e+05   -6.44995e+05
    Temperature Pres. DC (bar) Pressure (bar)   Constr. rmsd
    2.97877e+02   -2.16434e+02    6.72744e+01    3.09841e-06


Energy conservation over simulation part #1 of length 2 ns, time 0 to 2 ns
  Conserved energy drift: 3.10e-04 kJ/mol/ps per atom


	<======  ###############  ==>
	<====  A V E R A G E S  ====>
	<==  ###############  ======>

	Statistics over 1001 steps using 11 frames

   Energies (kJ/mol)
           Bond          Angle    Proper Dih.  Improper Dih.          LJ-14
    3.47048e+03    8.81269e+03    1.38131e+04    6.25366e+02    4.82570e+03
     Coulomb-14        LJ (SR)  Disper. corr.   Coulomb (SR)   Coul. recip.
    6.87230e+04    1.11942e+05   -8.09772e+03   -1.01368e+06    5.78250e+03
 Position Rest.      Potential    Kinetic En.   Total Energy  Conserved En.
    1.21501e+03   -8.02569e+05    1.58168e+05   -6.44400e+05   -6.45015e+05
    Temperature Pres. DC (bar) Pressure (bar)   Constr. rmsd
    3.00149e+02   -2.16016e+02    2.58317e+01    0.00000e+00

          Box-X          Box-Y          Box-Z
    8.54189e+00    8.54189e+00    8.54189e+00

   Total Virial (kJ/mol)
    5.33126e+04    3.41936e+02   -9.54217e+02
    3.42842e+02    5.20853e+04   -5.07465e+02
   -9.53739e+02   -5.07721e+02    5.13296e+04

   Pressure (bar)
   -2.92417e+01   -2.28317e+01    5.30007e+01
   -2.28799e+01    3.36253e+01    3.98072e+01
    5.29753e+01    3.98208e+01    7.31116e+01

      T-Protein  T-non-Protein
    3.00574e+02    3.00105e+02


	M E G A - F L O P S   A C C O U N T I N G

 NB=Group-cutoff nonbonded kernels    NxN=N-by-N cluster Verlet kernels
 RF=Reaction-Field  VdW=Van der Waals  QSTab=quadratic-spline table
 W3=SPC/TIP3p  W4=TIP4p (single or pairs)
 V&F=Potential and force  V=Potential only  F=Force only

 Computing:                               M-Number         M-Flops  % Flops
-----------------------------------------------------------------------------
 Pair Search distance check             462.708806        4164.379     0.3
 NxN QSTab Elec. + LJ [F]             16427.766096      673538.410    53.2
 NxN QSTab Elec. + LJ [V&F]             182.506664       10767.893     0.9
 NxN QSTab Elec. [F]                  13760.572832      467859.476    37.0
 NxN QSTab Elec. [V&F]                  152.891096        6268.535     0.5
 1,4 nonbonded interactions              12.326314        1109.368     0.1
 Calc Weights                           186.633447        6718.804     0.5
 Spread Q Bspline                      3981.513536        7963.027     0.6
 Gather F Bspline                      3981.513536       23889.081     1.9
 3D-FFT                                6125.305186       49002.441     3.9
 Solve PME                                3.139136         200.905     0.0
 Shift-X                                  1.305129           7.831     0.0
 Bonds                                    2.486484         146.703     0.0
 Angles                                   8.526518        1432.455     0.1
 Propers                                 13.386373        3065.479     0.2
 Impropers                                0.971971         202.170     0.0
 Pos. Restr.                              2.428426         121.421     0.0
 Virial                                   6.281594         113.069     0.0
 Stop-CM                                  0.683639           6.836     0.0
 Calc-Ekin                               12.554098         338.961     0.0
 Lincs                                    2.258256         135.495     0.0
 Lincs-Mat                               11.327316          45.309     0.0
 Constraint-V                            62.002941         558.026     0.0
 Constraint-Vir                           6.028185         144.676     0.0
 Settle                                  19.162143        7089.993     0.6
-----------------------------------------------------------------------------
 Total                                                 1264890.746   100.0
-----------------------------------------------------------------------------


     R E A L   C Y C L E   A N D   T I M E   A C C O U N T I N G

On 1 MPI rank, each using 4 OpenMP threads

 Computing:          Num   Num      Call    Wall time         Giga-Cycles
                     Ranks Threads  Count      (s)         total sum    %
-----------------------------------------------------------------------------
 Neighbor search        1    4         21       1.047         11.762   2.2
 Force                  1    4       1001      36.260        407.267  77.8
 PME mesh               1    4       1001       6.760         75.933  14.5
 NB X/F buffer ops.     1    4       1981       0.885          9.936   1.9
 Write traj.            1    4         11       0.364          4.094   0.8
 Update                 1    4       1001       0.515          5.779   1.1
 Constraints            1    4       1001       0.599          6.730   1.3
 Rest                                           0.174          1.954   0.4
-----------------------------------------------------------------------------
 Total                                         46.604        523.455 100.0
-----------------------------------------------------------------------------
 Breakdown of PME mesh computation
-----------------------------------------------------------------------------
 PME spread             1    4       1001       2.676         30.057   5.7
 PME gather             1    4       1001       2.765         31.055   5.9
 PME 3D-FFT             1    4       2002       1.102         12.379   2.4
 PME solve Elec         1    4       1001       0.188          2.108   0.4
-----------------------------------------------------------------------------

               Core t (s)   Wall t (s)        (%)
       Time:      186.416       46.604      400.0
                 (ns/day)    (hour/ns)
Performance:        3.712        6.466
Finished mdrun on rank 0 Wed Mar 22 11:39:49 2023

